This file contains any messages produced by compilers while
running configure, to aid debugging if configure makes a mistake.

It was created by PlotPhase configure 1.0, which was
generated by GNU Autoconf 2.69.  Invocation command line was

  $ /home/daniel/workspace/PlotPhase/configure 

## --------- ##
## Platform. ##
## --------- ##

hostname = DanPCDebian
uname -m = x86_64
uname -r = 3.2.0-4-amd64
uname -s = Linux
uname -v = #1 SMP Debian 3.2.54-2

/usr/bin/uname -p = unknown
/bin/uname -X     = unknown

/bin/arch              = unknown
/usr/bin/arch -k       = unknown
/usr/convex/getsysinfo = unknown
/usr/bin/hostinfo      = unknown
/bin/machine           = unknown
/usr/bin/oslevel       = unknown
/bin/universe          = unknown

PATH: ~/pebble-dev/PebbleSDK-2.0.1/bin
PATH: ~/pebble-dev/PebbleSDK-2.0-BETA2/bin
PATH: /usr/local/bin
PATH: /usr/bin
PATH: /bin
PATH: /usr/local/games
PATH: /usr/games


## ----------- ##
## Core tests. ##
## ----------- ##

configure:1850: checking build system type
configure:1864: result: x86_64-unknown-linux-gnu
configure:1884: checking host system type
configure:1897: result: x86_64-unknown-linux-gnu
configure:1917: checking target system type
configure:1930: result: x86_64-unknown-linux-gnu
configure:1973: checking for a BSD-compatible install
configure:2041: result: /usr/bin/install -c
configure:2052: checking whether build environment is sane
configure:2102: result: yes
configure:2243: checking for a thread-safe mkdir -p
configure:2282: result: /bin/mkdir -p
configure:2295: checking for gawk
configure:2325: result: no
configure:2295: checking for mawk
configure:2311: found /usr/bin/mawk
configure:2322: result: mawk
configure:2333: checking whether make sets $(MAKE)
configure:2355: result: yes
configure:2494: checking for g++
configure:2510: found /usr/bin/g++
configure:2521: result: g++
configure:2548: checking for C++ compiler version
configure:2557: g++ --version >&5
g++ (Debian 4.7.2-5) 4.7.2
Copyright (C) 2012 Free Software Foundation, Inc.
This is free software; see the source for copying conditions.  There is NO
warranty; not even for MERCHANTABILITY or FITNESS FOR A PARTICULAR PURPOSE.

configure:2568: $? = 0
configure:2557: g++ -v >&5
Using built-in specs.
COLLECT_GCC=g++
COLLECT_LTO_WRAPPER=/usr/lib/gcc/x86_64-linux-gnu/4.7/lto-wrapper
Target: x86_64-linux-gnu
Configured with: ../src/configure -v --with-pkgversion='Debian 4.7.2-5' --with-bugurl=file:///usr/share/doc/gcc-4.7/README.Bugs --enable-languages=c,c++,go,fortran,objc,obj-c++ --prefix=/usr --program-suffix=-4.7 --enable-shared --enable-linker-build-id --with-system-zlib --libexecdir=/usr/lib --without-included-gettext --enable-threads=posix --with-gxx-include-dir=/usr/include/c++/4.7 --libdir=/usr/lib --enable-nls --with-sysroot=/ --enable-clocale=gnu --enable-libstdcxx-debug --enable-libstdcxx-time=yes --enable-gnu-unique-object --enable-plugin --enable-objc-gc --with-arch-32=i586 --with-tune=generic --enable-checking=release --build=x86_64-linux-gnu --host=x86_64-linux-gnu --target=x86_64-linux-gnu
Thread model: posix
gcc version 4.7.2 (Debian 4.7.2-5) 
configure:2568: $? = 0
configure:2557: g++ -V >&5
g++: error: unrecognized command line option '-V'
g++: fatal error: no input files
compilation terminated.
configure:2568: $? = 4
configure:2557: g++ -qversion >&5
g++: error: unrecognized command line option '-qversion'
g++: fatal error: no input files
compilation terminated.
configure:2568: $? = 4
configure:2588: checking whether the C++ compiler works
configure:2610: g++    conftest.cpp  >&5
configure:2614: $? = 0
configure:2662: result: yes
configure:2665: checking for C++ compiler default output file name
configure:2667: result: a.out
configure:2673: checking for suffix of executables
configure:2680: g++ -o conftest    conftest.cpp  >&5
configure:2684: $? = 0
configure:2706: result: 
configure:2728: checking whether we are cross compiling
configure:2736: g++ -o conftest    conftest.cpp  >&5
configure:2740: $? = 0
configure:2747: ./conftest
configure:2751: $? = 0
configure:2766: result: no
configure:2771: checking for suffix of object files
configure:2793: g++ -c   conftest.cpp >&5
configure:2797: $? = 0
configure:2818: result: o
configure:2822: checking whether we are using the GNU C++ compiler
configure:2841: g++ -c   conftest.cpp >&5
configure:2841: $? = 0
configure:2850: result: yes
configure:2859: checking whether g++ accepts -g
configure:2879: g++ -c -g  conftest.cpp >&5
configure:2879: $? = 0
configure:2920: result: yes
configure:2954: checking for style of include used by make
configure:2982: result: GNU
configure:3008: checking dependency style of g++
configure:3119: result: gcc3
configure:3189: checking for pkg-config
configure:3207: found /usr/bin/pkg-config
configure:3219: result: /usr/bin/pkg-config
configure:3244: checking pkg-config is at least version 0.9.0
configure:3247: result: yes
configure:3257: checking for gtk
configure:3264: $PKG_CONFIG --exists --print-errors "gtk+-3.0 gtkmm-3.0"
configure:3267: $? = 0
configure:3281: $PKG_CONFIG --exists --print-errors "gtk+-3.0 gtkmm-3.0"
configure:3284: $? = 0
configure:3342: result: yes
configure:3348: checking for gl
configure:3355: $PKG_CONFIG --exists --print-errors "gl, glu"
configure:3358: $? = 0
configure:3372: $PKG_CONFIG --exists --print-errors "gl, glu"
configure:3375: $? = 0
configure:3433: result: yes
configure:3606: creating ./config.status

## ---------------------- ##
## Running config.status. ##
## ---------------------- ##

This file was extended by PlotPhase config.status 1.0, which was
generated by GNU Autoconf 2.69.  Invocation command line was

  CONFIG_FILES    = 
  CONFIG_HEADERS  = 
  CONFIG_LINKS    = 
  CONFIG_COMMANDS = 
  $ ./config.status 

on DanPCDebian

config.status:794: creating Makefile
config.status:794: creating src/Makefile
config.status:966: executing depfiles commands

## ---------------- ##
## Cache variables. ##
## ---------------- ##

ac_cv_build=x86_64-unknown-linux-gnu
ac_cv_cxx_compiler_gnu=yes
ac_cv_env_CCC_set=
ac_cv_env_CCC_value=
ac_cv_env_CPPFLAGS_set=
ac_cv_env_CPPFLAGS_value=
ac_cv_env_CXXFLAGS_set=
ac_cv_env_CXXFLAGS_value=
ac_cv_env_CXX_set=
ac_cv_env_CXX_value=
ac_cv_env_LDFLAGS_set=
ac_cv_env_LDFLAGS_value=
ac_cv_env_LIBS_set=
ac_cv_env_LIBS_value=
ac_cv_env_PKG_CONFIG_LIBDIR_set=
ac_cv_env_PKG_CONFIG_LIBDIR_value=
ac_cv_env_PKG_CONFIG_PATH_set=
ac_cv_env_PKG_CONFIG_PATH_value=
ac_cv_env_PKG_CONFIG_set=
ac_cv_env_PKG_CONFIG_value=
ac_cv_env_build_alias_set=
ac_cv_env_build_alias_value=
ac_cv_env_gl_CFLAGS_set=
ac_cv_env_gl_CFLAGS_value=
ac_cv_env_gl_LIBS_set=
ac_cv_env_gl_LIBS_value=
ac_cv_env_gtk_CFLAGS_set=
ac_cv_env_gtk_CFLAGS_value=
ac_cv_env_gtk_LIBS_set=
ac_cv_env_gtk_LIBS_value=
ac_cv_env_host_alias_set=
ac_cv_env_host_alias_value=
ac_cv_env_target_alias_set=
ac_cv_env_target_alias_value=
ac_cv_host=x86_64-unknown-linux-gnu
ac_cv_objext=o
ac_cv_path_ac_pt_PKG_CONFIG=/usr/bin/pkg-config
ac_cv_path_install='/usr/bin/install -c'
ac_cv_path_mkdir=/bin/mkdir
ac_cv_prog_AWK=mawk
ac_cv_prog_ac_ct_CXX=g++
ac_cv_prog_cxx_g=yes
ac_cv_prog_make_make_set=yes
ac_cv_target=x86_64-unknown-linux-gnu
am_cv_CXX_dependencies_compiler_type=gcc3
pkg_cv_gl_CFLAGS=' '
pkg_cv_gl_LIBS='-lGLU -lGL  '
pkg_cv_gtk_CFLAGS='-pthread -I/usr/include/gtk-3.0 -I/usr/include/pango-1.0 -I/usr/include/gio-unix-2.0/ -I/usr/include/atk-1.0 -I/usr/include/cairo -I/usr/include/gdk-pixbuf-2.0 -I/usr/include/freetype2 -I/usr/include/glib-2.0 -I/usr/lib/x86_64-linux-gnu/glib-2.0/include -I/usr/include/pixman-1 -I/usr/include/libpng12 -I/usr/include/gtkmm-3.0 -I/usr/lib/x86_64-linux-gnu/gtkmm-3.0/include -I/usr/include/giomm-2.4 -I/usr/lib/x86_64-linux-gnu/giomm-2.4/include -I/usr/include/gtk-3.0/unix-print -I/usr/include/gdkmm-3.0 -I/usr/lib/x86_64-linux-gnu/gdkmm-3.0/include -I/usr/include/glibmm-2.4 -I/usr/lib/x86_64-linux-gnu/glibmm-2.4/include -I/usr/include/sigc++-2.0 -I/usr/lib/x86_64-linux-gnu/sigc++-2.0/include -I/usr/include/atkmm-1.6 -I/usr/include/pangomm-1.4 -I/usr/lib/pangomm-1.4/include -I/usr/include/cairomm-1.0 -I/usr/lib/cairomm-1.0/include  '
pkg_cv_gtk_LIBS='-lgtkmm-3.0 -latkmm-1.6 -lgdkmm-3.0 -lgiomm-2.4 -lpangomm-1.4 -lgtk-3 -lglibmm-2.4 -lcairomm-1.0 -lgdk-3 -latk-1.0 -lgio-2.0 -lpangocairo-1.0 -lgdk_pixbuf-2.0 -lcairo-gobject -lpango-1.0 -lcairo -lsigc-2.0 -lgobject-2.0 -lglib-2.0  '

## ----------------- ##
## Output variables. ##
## ----------------- ##

ACLOCAL='${SHELL} /home/daniel/workspace/PlotPhase/missing --run aclocal-1.11'
AMDEPBACKSLASH='\'
AMDEP_FALSE='#'
AMDEP_TRUE=''
AMTAR='$${TAR-tar}'
AUTOCONF='${SHELL} /home/daniel/workspace/PlotPhase/missing --run autoconf'
AUTOHEADER='${SHELL} /home/daniel/workspace/PlotPhase/missing --run autoheader'
AUTOMAKE='${SHELL} /home/daniel/workspace/PlotPhase/missing --run automake-1.11'
AWK='mawk'
CPPFLAGS=''
CXX='g++'
CXXDEPMODE='depmode=gcc3'
CXXFLAGS='-g -O2'
CYGPATH_W='echo'
DEFS='-DPACKAGE_NAME=\"PlotPhase\" -DPACKAGE_TARNAME=\"plotphase\" -DPACKAGE_VERSION=\"1.0\" -DPACKAGE_STRING=\"PlotPhase\ 1.0\" -DPACKAGE_BUGREPORT=\"\" -DPACKAGE_URL=\"\" -DPACKAGE=\"plotphase\" -DVERSION=\"1.0\"'
DEPDIR='.deps'
ECHO_C=''
ECHO_N='-n'
ECHO_T=''
EXEEXT=''
INSTALL_DATA='${INSTALL} -m 644'
INSTALL_PROGRAM='${INSTALL}'
INSTALL_SCRIPT='${INSTALL}'
INSTALL_STRIP_PROGRAM='$(install_sh) -c -s'
LDFLAGS=''
LIBOBJS=''
LIBS=''
LTLIBOBJS=''
MAKEINFO='${SHELL} /home/daniel/workspace/PlotPhase/missing --run makeinfo'
MKDIR_P='/bin/mkdir -p'
OBJEXT='o'
PACKAGE='plotphase'
PACKAGE_BUGREPORT=''
PACKAGE_NAME='PlotPhase'
PACKAGE_STRING='PlotPhase 1.0'
PACKAGE_TARNAME='plotphase'
PACKAGE_URL=''
PACKAGE_VERSION='1.0'
PATH_SEPARATOR=':'
PKG_CONFIG='/usr/bin/pkg-config'
PKG_CONFIG_LIBDIR=''
PKG_CONFIG_PATH=''
SET_MAKE=''
SHELL='/bin/bash'
STRIP=''
VERSION='1.0'
ac_ct_CXX='g++'
am__EXEEXT_FALSE=''
am__EXEEXT_TRUE='#'
am__fastdepCXX_FALSE='#'
am__fastdepCXX_TRUE=''
am__include='include'
am__isrc=''
am__leading_dot='.'
am__nodep='_no'
am__quote=''
am__tar='$${TAR-tar} chof - "$$tardir"'
am__untar='$${TAR-tar} xf -'
bindir='${exec_prefix}/bin'
build='x86_64-unknown-linux-gnu'
build_alias=''
build_cpu='x86_64'
build_os='linux-gnu'
build_vendor='unknown'
datadir='${datarootdir}'
datarootdir='${prefix}/share'
docdir='${datarootdir}/doc/${PACKAGE_TARNAME}'
dvidir='${docdir}'
exec_prefix='${prefix}'
gl_CFLAGS=' '
gl_LIBS='-lGLU -lGL  '
gtk_CFLAGS='-pthread -I/usr/include/gtk-3.0 -I/usr/include/pango-1.0 -I/usr/include/gio-unix-2.0/ -I/usr/include/atk-1.0 -I/usr/include/cairo -I/usr/include/gdk-pixbuf-2.0 -I/usr/include/freetype2 -I/usr/include/glib-2.0 -I/usr/lib/x86_64-linux-gnu/glib-2.0/include -I/usr/include/pixman-1 -I/usr/include/libpng12 -I/usr/include/gtkmm-3.0 -I/usr/lib/x86_64-linux-gnu/gtkmm-3.0/include -I/usr/include/giomm-2.4 -I/usr/lib/x86_64-linux-gnu/giomm-2.4/include -I/usr/include/gtk-3.0/unix-print -I/usr/include/gdkmm-3.0 -I/usr/lib/x86_64-linux-gnu/gdkmm-3.0/include -I/usr/include/glibmm-2.4 -I/usr/lib/x86_64-linux-gnu/glibmm-2.4/include -I/usr/include/sigc++-2.0 -I/usr/lib/x86_64-linux-gnu/sigc++-2.0/include -I/usr/include/atkmm-1.6 -I/usr/include/pangomm-1.4 -I/usr/lib/pangomm-1.4/include -I/usr/include/cairomm-1.0 -I/usr/lib/cairomm-1.0/include  '
gtk_LIBS='-lgtkmm-3.0 -latkmm-1.6 -lgdkmm-3.0 -lgiomm-2.4 -lpangomm-1.4 -lgtk-3 -lglibmm-2.4 -lcairomm-1.0 -lgdk-3 -latk-1.0 -lgio-2.0 -lpangocairo-1.0 -lgdk_pixbuf-2.0 -lcairo-gobject -lpango-1.0 -lcairo -lsigc-2.0 -lgobject-2.0 -lglib-2.0  '
host='x86_64-unknown-linux-gnu'
host_alias=''
host_cpu='x86_64'
host_os='linux-gnu'
host_vendor='unknown'
htmldir='${docdir}'
includedir='${prefix}/include'
infodir='${datarootdir}/info'
install_sh='${SHELL} /home/daniel/workspace/PlotPhase/install-sh'
libdir='${exec_prefix}/lib'
libexecdir='${exec_prefix}/libexec'
localedir='${datarootdir}/locale'
localstatedir='${prefix}/var'
mandir='${datarootdir}/man'
mkdir_p='/bin/mkdir -p'
oldincludedir='/usr/include'
pdfdir='${docdir}'
prefix='/usr/local'
program_transform_name='s,x,x,'
psdir='${docdir}'
sbindir='${exec_prefix}/sbin'
sharedstatedir='${prefix}/com'
sysconfdir='${prefix}/etc'
target='x86_64-unknown-linux-gnu'
target_alias=''
target_cpu='x86_64'
target_os='linux-gnu'
target_vendor='unknown'

## ----------- ##
## confdefs.h. ##
## ----------- ##

/* confdefs.h */
#define PACKAGE_NAME "PlotPhase"
#define PACKAGE_TARNAME "plotphase"
#define PACKAGE_VERSION "1.0"
#define PACKAGE_STRING "PlotPhase 1.0"
#define PACKAGE_BUGREPORT ""
#define PACKAGE_URL ""
#define PACKAGE "plotphase"
#define VERSION "1.0"

configure: exit 0
